[2018-08-28T23:39:41.562] [DEBUG] cheese - login => username:admin,password:123456
[2018-08-28T23:39:41.571] [DEBUG] cheese - admin
[2018-08-28T23:39:41.728] [DEBUG] cheese - login => username:admin,password:123456
[2018-08-28T23:39:41.729] [DEBUG] cheese - admin
[2018-08-28T23:39:41.835] [DEBUG] cheese - null
[2018-08-28T23:39:41.843] [DEBUG] cheese - null
[2018-08-28T23:39:42.563] [DEBUG] cheese - null
[2018-08-28T23:39:42.563] [DEBUG] cheese - null
[2018-08-28T23:39:43.056] [DEBUG] cheese - login => username:admin,password:123456
[2018-08-28T23:39:43.056] [DEBUG] cheese - admin
[2018-08-28T23:39:43.065] [DEBUG] cheese - login => username:admin,password:123456
[2018-08-28T23:39:43.066] [DEBUG] cheese - admin
[2018-08-28T23:39:43.081] [DEBUG] cheese - null
[2018-08-28T23:39:43.082] [DEBUG] cheese - null
[2018-08-28T23:39:43.550] [DEBUG] cheese - null
[2018-08-28T23:39:43.550] [DEBUG] cheese - null
[2018-09-23T16:51:05.602] [DEBUG] cheese - login => username:admin,password:123456
[2018-09-23T16:51:05.608] [DEBUG] cheese - admin
[2018-09-23T16:51:05.691] [DEBUG] cheese - null
[2018-09-23T16:51:05.692] [DEBUG] cheese - null
[2018-09-23T23:17:59.187] [DEBUG] cheese - login => username:admin,password:123
[2018-09-23T23:17:59.190] [DEBUG] cheese - admin
[2018-09-23T23:17:59.249] [DEBUG] cheese - null
[2018-09-23T23:17:59.249] [DEBUG] cheese - null
[2018-09-23T23:18:43.060] [DEBUG] cheese - login => username:admin,password:123456
[2018-09-23T23:18:43.060] [DEBUG] cheese - admin
[2018-09-23T23:18:43.065] [DEBUG] cheese - null
[2018-09-23T23:18:43.065] [DEBUG] cheese - null
[2018-09-23T23:21:01.100] [DEBUG] cheese - login => username:admin,password:123456
[2018-09-23T23:21:01.101] [DEBUG] cheese - admin
[2018-09-23T23:21:01.108] [DEBUG] cheese - null
[2018-09-23T23:21:01.108] [DEBUG] cheese - null
[2018-09-24T09:05:34.837] [DEBUG] cheese - login => username:admin,password:123456
[2018-09-24T09:05:34.844] [DEBUG] cheese - admin
[2018-09-24T09:05:34.932] [DEBUG] cheese - null
[2018-09-24T09:05:34.932] [DEBUG] cheese - null
[2018-09-24T09:06:54.741] [DEBUG] cheese - login => username:admin,password:123456
[2018-09-24T09:06:54.741] [DEBUG] cheese - admin
[2018-09-24T09:06:54.749] [DEBUG] cheese - null
[2018-09-24T09:06:54.749] [DEBUG] cheese - null
[2018-09-24T09:10:59.446] [DEBUG] cheese - login => username:admin,password:123
[2018-09-24T09:10:59.446] [DEBUG] cheese - admin
[2018-09-24T09:10:59.453] [DEBUG] cheese - null
[2018-09-24T09:10:59.453] [DEBUG] cheese - null
[2018-09-24T09:11:02.848] [DEBUG] cheese - login => username:admin,password:123
[2018-09-24T09:11:02.848] [DEBUG] cheese - admin
[2018-09-24T09:11:02.853] [DEBUG] cheese - null
[2018-09-24T09:11:02.853] [DEBUG] cheese - null
[2018-09-24T09:11:07.891] [DEBUG] cheese - login => username:admin,password:123456
[2018-09-24T09:11:07.891] [DEBUG] cheese - admin
[2018-09-24T09:11:07.895] [DEBUG] cheese - null
[2018-09-24T09:11:07.895] [DEBUG] cheese - null
[2018-09-24T10:33:27.162] [DEBUG] cheese - login => username:anmin,password:123456
[2018-09-24T10:33:27.163] [DEBUG] cheese - anmin
[2018-09-24T10:33:27.173] [DEBUG] cheese - null
[2018-09-24T10:33:27.173] [DEBUG] cheese - null
[2018-09-24T10:33:41.275] [DEBUG] cheese - login => username:admin,password:123456
[2018-09-24T10:33:41.275] [DEBUG] cheese - admin
[2018-09-24T10:33:41.282] [DEBUG] cheese - null
[2018-09-24T10:33:41.282] [DEBUG] cheese - null
[2018-09-24T10:33:53.806] [DEBUG] cheese - login => username:admin,password:123457
[2018-09-24T10:33:53.806] [DEBUG] cheese - admin
[2018-09-24T10:33:53.810] [DEBUG] cheese - null
[2018-09-24T10:33:53.810] [DEBUG] cheese - null
[2018-09-24T10:34:33.533] [DEBUG] cheese - login => username:admin,password:12
[2018-09-24T10:34:33.533] [DEBUG] cheese - admin
[2018-09-24T10:34:33.536] [DEBUG] cheese - null
[2018-09-24T10:34:33.536] [DEBUG] cheese - null
[2018-09-24T10:34:42.331] [DEBUG] cheese - login => username:admin,password:123456
[2018-09-24T10:34:42.331] [DEBUG] cheese - admin
[2018-09-24T10:34:42.334] [DEBUG] cheese - null
[2018-09-24T10:34:42.334] [DEBUG] cheese - null
[2018-09-24T10:49:33.912] [DEBUG] cheese - login => username:admin,password:123456
[2018-09-24T10:49:33.912] [DEBUG] cheese - admin
[2018-09-24T10:49:33.918] [DEBUG] cheese - null
[2018-09-24T10:49:33.918] [DEBUG] cheese - null
[2018-09-24T10:57:49.513] [DEBUG] cheese - login => username:admin,password:123456
[2018-09-24T10:57:49.513] [DEBUG] cheese - admin
[2018-09-24T10:57:49.518] [DEBUG] cheese - null
[2018-09-24T10:57:49.518] [DEBUG] cheese - null
[2018-09-24T19:47:35.956] [DEBUG] cheese - login => username:admin,password:123456
[2018-09-24T19:47:35.963] [DEBUG] cheese - admin
[2018-09-24T19:47:36.086] [DEBUG] cheese - null
[2018-09-24T19:47:36.086] [DEBUG] cheese - null
[2018-09-24T20:30:13.069] [DEBUG] cheese - login => username:admin,password:123456
[2018-09-24T20:30:13.069] [DEBUG] cheese - admin
[2018-09-24T20:30:13.081] [DEBUG] cheese - null
[2018-09-24T20:30:13.081] [DEBUG] cheese - null
[2018-09-24T20:36:49.967] [DEBUG] cheese - login => username:admin,password:123456
[2018-09-24T20:36:49.967] [DEBUG] cheese - admin
[2018-09-24T20:36:49.976] [DEBUG] cheese - null
[2018-09-24T20:36:49.976] [DEBUG] cheese - null
[2018-09-24T20:37:40.169] [DEBUG] cheese - login => username:admin,password:123456
[2018-09-24T20:37:40.169] [DEBUG] cheese - admin
[2018-09-24T20:37:40.173] [DEBUG] cheese - null
[2018-09-24T20:37:40.173] [DEBUG] cheese - null
[2018-09-24T20:40:08.218] [DEBUG] cheese - login => username:admin,password:123456
[2018-09-24T20:40:08.218] [DEBUG] cheese - admin
[2018-09-24T20:40:08.222] [DEBUG] cheese - null
[2018-09-24T20:40:08.222] [DEBUG] cheese - null
[2018-09-24T20:40:52.811] [DEBUG] cheese - login => username:admin,password:123456
[2018-09-24T20:40:52.811] [DEBUG] cheese - admin
[2018-09-24T20:40:52.815] [DEBUG] cheese - null
[2018-09-24T20:40:52.816] [DEBUG] cheese - null
[2018-09-25T09:38:43.613] [DEBUG] cheese - login => username:admin,password:123456
[2018-09-25T09:38:43.622] [DEBUG] cheese - admin
[2018-09-25T09:38:43.759] [DEBUG] cheese - null
[2018-09-25T09:38:43.760] [DEBUG] cheese - null
[2018-09-25T20:02:06.996] [DEBUG] cheese - login => username:admin,password:123456
[2018-09-25T20:02:07.005] [DEBUG] cheese - admin
[2018-09-25T20:02:07.129] [DEBUG] cheese - null
[2018-09-25T20:02:07.130] [DEBUG] cheese - null
[2018-09-25T20:27:02.036] [DEBUG] cheese - login => username:admin,password:123456
[2018-09-25T20:27:02.047] [DEBUG] cheese - admin
[2018-09-25T20:27:02.088] [DEBUG] cheese - null
[2018-09-25T20:27:02.089] [DEBUG] cheese - null
[2018-09-25T20:33:51.034] [DEBUG] cheese - login => username:admin,password:123456
[2018-09-25T20:33:51.035] [DEBUG] cheese - admin
[2018-09-25T20:33:51.098] [DEBUG] cheese - null
[2018-09-25T20:33:51.099] [DEBUG] cheese - null
[2018-09-26T09:59:17.836] [DEBUG] cheese - login => username:admin,password:123456
[2018-09-26T09:59:17.845] [DEBUG] cheese - admin
[2018-09-26T09:59:17.913] [DEBUG] cheese - null
[2018-09-26T09:59:17.915] [DEBUG] cheese - null
[2018-09-26T15:36:12.361] [DEBUG] cheese - login => username:admin,password:123456
[2018-09-26T15:36:12.369] [DEBUG] cheese - admin
[2018-09-26T15:36:12.379] [DEBUG] cheese - null
[2018-09-26T15:36:12.379] [DEBUG] cheese - null
[2018-09-26T16:39:20.308] [DEBUG] cheese - login => username:admin,password:123456
[2018-09-26T16:39:20.308] [DEBUG] cheese - admin
[2018-09-26T16:39:20.319] [DEBUG] cheese - null
[2018-09-26T16:39:20.319] [DEBUG] cheese - null
[2018-09-27T16:52:49.191] [DEBUG] cheese - login => username:admin,password:123456
[2018-09-27T16:52:49.194] [DEBUG] cheese - admin
[2018-09-27T16:52:49.207] [DEBUG] cheese - null
[2018-09-27T16:52:49.210] [DEBUG] cheese - null
[2018-09-28T11:31:05.620] [DEBUG] cheese - login => username:admin,password:123456
[2018-09-28T11:31:05.623] [DEBUG] cheese - admin
[2018-09-28T11:31:05.636] [DEBUG] cheese - null
[2018-09-28T11:31:05.638] [DEBUG] cheese - null
[2018-09-28T14:37:35.970] [DEBUG] cheese - login => username:admin,password:123456
[2018-09-28T14:37:35.979] [DEBUG] cheese - admin
[2018-09-28T14:37:36.000] [DEBUG] cheese - null
[2018-09-28T14:37:36.001] [DEBUG] cheese - null
[2018-09-28T14:37:54.520] [DEBUG] cheese - login => username:admin,password:123456
[2018-09-28T14:37:54.520] [DEBUG] cheese - admin
[2018-09-28T14:37:54.523] [DEBUG] cheese - null
[2018-09-28T14:37:54.523] [DEBUG] cheese - null
[2018-09-28T14:44:18.769] [DEBUG] cheese - login => username:admin,password:123456
[2018-09-28T14:44:18.769] [DEBUG] cheese - admin
[2018-09-28T14:44:18.772] [DEBUG] cheese - null
[2018-09-28T14:44:18.773] [DEBUG] cheese - null
[2018-09-28T14:45:11.884] [DEBUG] cheese - login => username:admin,password:123456
[2018-09-28T14:45:11.885] [DEBUG] cheese - admin
[2018-09-28T14:45:11.889] [DEBUG] cheese - null
[2018-09-28T14:45:11.889] [DEBUG] cheese - null
[2018-09-28T14:46:11.292] [DEBUG] cheese - login => username:admin,password:123456
[2018-09-28T14:46:11.292] [DEBUG] cheese - admin
[2018-09-28T14:46:11.294] [DEBUG] cheese - null
[2018-09-28T14:46:11.294] [DEBUG] cheese - null
[2018-09-28T15:06:22.059] [DEBUG] cheese - login => username:admin,password:123456
[2018-09-28T15:06:22.059] [DEBUG] cheese - admin
[2018-09-28T15:06:22.062] [DEBUG] cheese - null
[2018-09-28T15:06:22.062] [DEBUG] cheese - null
[2018-09-28T15:11:43.070] [DEBUG] cheese - login => username:admin,password:123456
[2018-09-28T15:11:43.070] [DEBUG] cheese - admin
[2018-09-28T15:11:43.073] [DEBUG] cheese - null
[2018-09-28T15:11:43.073] [DEBUG] cheese - null
[2018-09-28T15:13:20.069] [DEBUG] cheese - login => username:admin,password:123456
[2018-09-28T15:13:20.069] [DEBUG] cheese - admin
[2018-09-28T15:13:20.073] [DEBUG] cheese - null
[2018-09-28T15:13:20.074] [DEBUG] cheese - null
[2018-09-28T15:21:02.811] [DEBUG] cheese - login => username:admin,password:123456
[2018-09-28T15:21:02.811] [DEBUG] cheese - admin
[2018-09-28T15:21:02.816] [DEBUG] cheese - null
[2018-09-28T15:21:02.816] [DEBUG] cheese - null
[2018-09-28T15:25:41.653] [DEBUG] cheese - login => username:admin,password:123456
[2018-09-28T15:25:41.654] [DEBUG] cheese - admin
[2018-09-28T15:25:41.660] [DEBUG] cheese - null
[2018-09-28T15:25:41.661] [DEBUG] cheese - null
[2018-09-28T15:29:06.264] [DEBUG] cheese - login => username:admin,password:123456
[2018-09-28T15:29:06.265] [DEBUG] cheese - admin
[2018-09-28T15:29:06.273] [DEBUG] cheese - null
[2018-09-28T15:29:06.273] [DEBUG] cheese - null
[2018-09-29T10:44:01.715] [DEBUG] cheese - null
[2018-09-29T10:44:40.529] [DEBUG] cheese - null
[2018-09-29T10:45:12.634] [DEBUG] cheese - null
[2018-09-29T10:45:18.756] [DEBUG] cheese - null
[2018-09-29T10:45:20.128] [DEBUG] cheese - null
[2018-09-29T10:47:52.856] [DEBUG] cheese - null
[2018-09-29T10:47:56.501] [DEBUG] cheese - null
[2018-09-29T10:48:00.603] [DEBUG] cheese - null
[2018-09-29T10:48:03.120] [DEBUG] cheese - null
[2018-09-29T10:49:52.897] [DEBUG] cheese - null
[2018-09-29T10:50:15.673] [DEBUG] cheese - null
[2018-09-29T10:50:23.191] [DEBUG] cheese - null
[2018-09-29T10:50:51.414] [DEBUG] cheese - null
[2018-09-29T10:50:52.732] [DEBUG] cheese - null
[2018-09-29T15:14:55.307] [DEBUG] cheese - null
[2018-09-29T15:15:30.508] [DEBUG] cheese - null
[2018-09-29T15:15:43.616] [DEBUG] cheese - null
[2018-09-29T15:17:24.450] [DEBUG] cheese - null
[2018-09-29T15:17:36.827] [DEBUG] cheese - null
[2018-09-29T15:20:44.637] [DEBUG] cheese - null
[2018-09-29T15:20:45.437] [DEBUG] cheese - null
[2018-09-29T15:33:21.514] [DEBUG] cheese - login => username:admin,password:123456
[2018-09-29T15:33:21.514] [DEBUG] cheese - admin
[2018-09-29T15:33:21.519] [DEBUG] cheese - null
[2018-09-29T15:33:21.520] [DEBUG] cheese - null
[2018-09-29T16:49:48.099] [DEBUG] cheese - login => username:liujin,password:123123
[2018-09-29T16:49:48.099] [DEBUG] cheese - liujin
[2018-09-29T16:49:48.101] [DEBUG] cheese - null
[2018-09-29T16:49:48.102] [DEBUG] cheese - null
[2018-09-29T16:50:40.984] [DEBUG] cheese - login => username:liujin,password:123456
[2018-09-29T16:50:40.984] [DEBUG] cheese - liujin
[2018-09-29T16:50:40.986] [DEBUG] cheese - null
[2018-09-29T16:50:40.986] [DEBUG] cheese - null
[2018-09-29T16:50:45.000] [DEBUG] cheese - login => username:liujin,password:123456
[2018-09-29T16:50:45.000] [DEBUG] cheese - liujin
[2018-09-29T16:50:45.004] [DEBUG] cheese - null
[2018-09-29T16:50:45.004] [DEBUG] cheese - null
[2018-09-29T16:50:48.571] [DEBUG] cheese - login => username:liujin,password:123456
[2018-09-29T16:50:48.571] [DEBUG] cheese - liujin
[2018-09-29T16:50:48.572] [DEBUG] cheese - null
[2018-09-29T16:50:48.573] [DEBUG] cheese - null
[2018-09-29T16:50:50.877] [DEBUG] cheese - login => username:liujin,password:123456
[2018-09-29T16:50:50.878] [DEBUG] cheese - liujin
[2018-09-29T16:50:50.883] [DEBUG] cheese - null
[2018-09-29T16:50:50.883] [DEBUG] cheese - null
[2018-09-29T16:50:53.269] [DEBUG] cheese - login => username:liujin,password:123456
[2018-09-29T16:50:53.269] [DEBUG] cheese - liujin
[2018-09-29T16:50:53.272] [DEBUG] cheese - null
[2018-09-29T16:50:53.272] [DEBUG] cheese - null
[2018-09-29T16:51:00.033] [DEBUG] cheese - login => username:liujin,password:123123
[2018-09-29T16:51:00.033] [DEBUG] cheese - liujin
[2018-09-29T16:51:00.036] [DEBUG] cheese - null
[2018-09-29T16:51:00.037] [DEBUG] cheese - null
[2018-09-29T16:51:08.911] [DEBUG] cheese - login => username:admin,password:123456
[2018-09-29T16:51:08.911] [DEBUG] cheese - admin
[2018-09-29T16:51:08.915] [DEBUG] cheese - null
[2018-09-29T16:51:08.918] [DEBUG] cheese - null
[2018-09-29T16:51:37.741] [DEBUG] cheese - login => username:liujin,password:123123
[2018-09-29T16:51:37.741] [DEBUG] cheese - liujin
[2018-09-29T16:51:37.745] [DEBUG] cheese - null
[2018-09-29T16:51:37.745] [DEBUG] cheese - null
[2018-09-29T16:51:47.085] [DEBUG] cheese - login => username:admin,password:123456
[2018-09-29T16:51:47.085] [DEBUG] cheese - admin
[2018-09-29T16:51:47.096] [DEBUG] cheese - null
[2018-09-29T16:51:47.096] [DEBUG] cheese - null
[2018-09-29T16:52:03.939] [DEBUG] cheese - login => username:liujin,password:123123
[2018-09-29T16:52:03.940] [DEBUG] cheese - liujin
[2018-09-29T16:52:03.946] [DEBUG] cheese - null
[2018-09-29T16:52:03.946] [DEBUG] cheese - null
[2018-09-29T16:52:52.249] [DEBUG] cheese - null
[2018-09-29T16:52:52.251] [DEBUG] cheese - null
[2018-09-29T17:03:57.164] [DEBUG] cheese - null
[2018-09-29T17:03:57.177] [DEBUG] cheese - null
[2018-09-29T17:05:25.148] [DEBUG] cheese - null
[2018-09-29T17:05:25.158] [DEBUG] cheese - null
[2018-09-29T17:05:32.632] [DEBUG] cheese - null
[2018-09-29T17:05:32.645] [DEBUG] cheese - null
[2018-09-29T17:07:20.038] [DEBUG] cheese - null
[2018-09-29T17:07:20.045] [DEBUG] cheese - null
[2018-09-29T17:07:20.073] [DEBUG] cheese - null
[2018-09-29T17:07:20.085] [DEBUG] cheese - null
[2018-09-29T17:07:26.331] [DEBUG] cheese - null
[2018-09-29T17:07:26.344] [DEBUG] cheese - null
[2018-09-29T17:07:26.378] [DEBUG] cheese - null
[2018-09-29T17:07:26.382] [DEBUG] cheese - null
[2018-09-29T17:08:16.498] [DEBUG] cheese - login => username:liujin,password:123123
[2018-09-29T17:08:16.499] [DEBUG] cheese - liujin
[2018-09-29T17:08:16.505] [DEBUG] cheese - null
[2018-09-29T17:08:16.505] [DEBUG] cheese - null
[2018-09-29T17:08:23.069] [DEBUG] cheese - null
[2018-09-29T17:08:23.071] [DEBUG] cheese - null
[2018-09-29T17:08:26.389] [DEBUG] cheese - null
[2018-09-29T17:08:26.391] [DEBUG] cheese - null
[2018-09-29T17:08:53.646] [DEBUG] cheese - null
[2018-09-29T17:08:53.649] [DEBUG] cheese - null
[2018-09-29T17:08:59.353] [DEBUG] cheese - null
[2018-09-29T17:08:59.355] [DEBUG] cheese - null
[2018-09-29T17:09:02.231] [DEBUG] cheese - null
[2018-09-29T17:09:02.236] [DEBUG] cheese - null
[2018-09-29T17:09:20.184] [DEBUG] cheese - login => username:admin,password:123456
[2018-09-29T17:09:20.184] [DEBUG] cheese - admin
[2018-09-29T17:09:20.187] [DEBUG] cheese - null
[2018-09-29T17:09:20.187] [DEBUG] cheese - null
[2018-09-29T17:38:09.889] [DEBUG] cheese - null
[2018-09-29T17:38:11.829] [DEBUG] cheese - null
[2018-09-29T17:38:12.768] [DEBUG] cheese - null
[2018-09-29T17:38:15.603] [DEBUG] cheese - null
[2018-09-29T17:38:42.947] [DEBUG] cheese - login => username:liujin,password:123123
[2018-09-29T17:38:42.947] [DEBUG] cheese - liujin
[2018-09-29T17:38:42.949] [DEBUG] cheese - null
[2018-09-29T17:38:42.949] [DEBUG] cheese - null
[2018-09-29T17:38:46.042] [DEBUG] cheese - null
[2018-09-29T17:38:46.045] [DEBUG] cheese - null
[2018-09-29T17:38:49.465] [DEBUG] cheese - null
[2018-09-29T17:38:49.473] [DEBUG] cheese - null
[2018-09-29T17:39:03.339] [DEBUG] cheese - login => username:admin,password:123456
[2018-09-29T17:39:03.340] [DEBUG] cheese - admin
[2018-09-29T17:39:03.343] [DEBUG] cheese - null
[2018-09-29T17:39:03.344] [DEBUG] cheese - null
[2018-09-29T17:39:29.979] [DEBUG] cheese - login => username:liujin,password:123456
[2018-09-29T17:39:29.979] [DEBUG] cheese - liujin
[2018-09-29T17:39:29.983] [DEBUG] cheese - null
[2018-09-29T17:39:29.983] [DEBUG] cheese - null
[2018-09-29T17:39:36.388] [DEBUG] cheese - login => username:liujin,password:123123
[2018-09-29T17:39:36.388] [DEBUG] cheese - liujin
[2018-09-29T17:39:36.391] [DEBUG] cheese - null
[2018-09-29T17:39:36.391] [DEBUG] cheese - null
[2018-09-29T17:39:40.234] [DEBUG] cheese - null
[2018-09-29T17:39:40.235] [DEBUG] cheese - null
[2018-09-29T17:39:42.928] [DEBUG] cheese - null
[2018-09-29T17:39:42.929] [DEBUG] cheese - null
[2018-09-29T17:39:52.028] [DEBUG] cheese - null
[2018-09-29T17:39:52.039] [DEBUG] cheese - null
[2018-09-29T17:39:55.519] [DEBUG] cheese - null
[2018-09-29T17:39:55.520] [DEBUG] cheese - null
[2018-09-29T17:39:56.638] [DEBUG] cheese - null
[2018-09-29T17:39:56.640] [DEBUG] cheese - null
[2018-09-29T17:39:57.908] [DEBUG] cheese - null
[2018-09-29T17:39:57.910] [DEBUG] cheese - null
[2018-09-29T17:39:59.022] [DEBUG] cheese - null
[2018-09-29T17:39:59.024] [DEBUG] cheese - null
[2018-09-29T17:40:00.431] [DEBUG] cheese - null
[2018-09-29T17:40:00.433] [DEBUG] cheese - null
[2018-09-29T17:40:01.533] [DEBUG] cheese - null
[2018-09-29T17:40:01.535] [DEBUG] cheese - null
[2018-09-29T17:40:02.448] [DEBUG] cheese - null
[2018-09-29T17:40:02.450] [DEBUG] cheese - null
[2018-09-29T17:40:18.320] [DEBUG] cheese - null
[2018-09-29T17:40:18.322] [DEBUG] cheese - null
[2018-09-29T17:40:28.461] [DEBUG] cheese - null
[2018-09-29T17:40:28.463] [DEBUG] cheese - null
[2018-09-29T17:40:35.755] [DEBUG] cheese - null
[2018-09-29T17:40:35.758] [DEBUG] cheese - null
[2018-09-29T17:40:44.976] [DEBUG] cheese - null
[2018-09-29T17:40:44.987] [DEBUG] cheese - null
[2018-09-29T17:40:46.754] [DEBUG] cheese - null
[2018-09-29T17:40:46.759] [DEBUG] cheese - null
[2018-09-29T17:40:51.499] [DEBUG] cheese - null
[2018-09-29T17:40:51.517] [DEBUG] cheese - null
[2018-09-29T17:40:55.879] [DEBUG] cheese - null
[2018-09-29T17:40:55.885] [DEBUG] cheese - null
[2018-09-29T17:41:08.064] [DEBUG] cheese - null
[2018-09-29T17:41:08.066] [DEBUG] cheese - null
[2018-09-29T17:41:08.076] [DEBUG] cheese - null
[2018-09-29T17:41:08.077] [DEBUG] cheese - null
[2018-09-29T17:41:12.785] [DEBUG] cheese - null
[2018-09-29T17:41:12.786] [DEBUG] cheese - null
[2018-09-29T17:41:15.493] [DEBUG] cheese - null
[2018-09-29T17:41:15.496] [DEBUG] cheese - null
[2018-09-29T17:41:15.501] [DEBUG] cheese - null
[2018-09-29T17:41:15.514] [DEBUG] cheese - null
[2018-09-29T17:41:20.024] [DEBUG] cheese - null
[2018-09-29T17:41:20.030] [DEBUG] cheese - null
[2018-09-29T17:41:23.837] [DEBUG] cheese - null
[2018-09-29T17:41:23.848] [DEBUG] cheese - null
[2018-09-29T17:41:23.856] [DEBUG] cheese - null
[2018-09-29T17:41:23.864] [DEBUG] cheese - null
[2018-09-29T17:41:36.010] [DEBUG] cheese - null
[2018-09-29T17:41:36.016] [DEBUG] cheese - null
[2018-09-29T17:41:36.049] [DEBUG] cheese - null
[2018-09-29T17:41:36.063] [DEBUG] cheese - null
[2018-09-30T11:24:41.112] [DEBUG] cheese - null
[2018-09-30T11:24:41.119] [DEBUG] cheese - null
[2018-09-30T12:05:48.343] [DEBUG] cheese - null
[2018-09-30T12:05:48.389] [DEBUG] cheese - null
[2018-09-30T12:06:28.757] [DEBUG] cheese - null
[2018-09-30T12:06:28.760] [DEBUG] cheese - null
[2018-09-30T12:06:49.016] [DEBUG] cheese - null
[2018-09-30T12:06:49.041] [DEBUG] cheese - null
[2018-09-30T12:07:07.560] [DEBUG] cheese - null
[2018-09-30T12:07:07.562] [DEBUG] cheese - null
[2018-09-30T12:07:07.625] [DEBUG] cheese - null
[2018-09-30T12:07:07.629] [DEBUG] cheese - null
[2018-09-30T12:09:13.849] [DEBUG] cheese - null
[2018-09-30T12:09:13.875] [DEBUG] cheese - null
[2018-09-30T12:09:17.236] [DEBUG] cheese - null
[2018-09-30T12:09:17.257] [DEBUG] cheese - null
[2018-09-30T12:09:19.479] [DEBUG] cheese - null
[2018-09-30T12:09:19.508] [DEBUG] cheese - null
[2018-09-30T12:09:21.538] [DEBUG] cheese - null
[2018-09-30T12:09:21.545] [DEBUG] cheese - null
[2018-09-30T12:09:30.126] [DEBUG] cheese - null
[2018-09-30T12:09:30.131] [DEBUG] cheese - null
[2018-09-30T12:09:32.344] [DEBUG] cheese - null
[2018-09-30T12:09:32.350] [DEBUG] cheese - null
[2018-09-30T14:39:45.280] [DEBUG] cheese - login => username:admin,password:123456
[2018-09-30T14:39:45.281] [DEBUG] cheese - admin
[2018-09-30T14:39:45.296] [DEBUG] cheese - null
[2018-09-30T14:39:45.296] [DEBUG] cheese - null
[2018-09-30T14:51:36.751] [DEBUG] cheese - login => username:admin,password:123456
[2018-09-30T14:51:36.752] [DEBUG] cheese - admin
[2018-09-30T14:51:36.757] [DEBUG] cheese - null
[2018-09-30T14:51:36.757] [DEBUG] cheese - null
[2018-09-30T14:52:26.650] [DEBUG] cheese - null
[2018-10-03T19:24:36.976] [DEBUG] cheese - login => username:amdin,password:123456
[2018-10-03T19:24:36.978] [DEBUG] cheese - amdin
[2018-10-03T19:24:37.014] [DEBUG] cheese - null
[2018-10-03T19:24:37.014] [DEBUG] cheese - null
[2018-10-03T19:24:43.775] [DEBUG] cheese - login => username:admin,password:123456
[2018-10-03T19:24:43.776] [DEBUG] cheese - admin
[2018-10-03T19:24:43.874] [DEBUG] cheese - null
[2018-10-03T19:24:43.874] [DEBUG] cheese - null
[2018-10-03T19:26:01.405] [DEBUG] cheese - login => username:admin,password:123456
[2018-10-03T19:26:01.405] [DEBUG] cheese - admin
[2018-10-03T19:26:01.410] [DEBUG] cheese - null
[2018-10-03T19:26:01.410] [DEBUG] cheese - null
[2018-10-03T19:26:28.275] [DEBUG] cheese - login => username:liujin,password:123456
[2018-10-03T19:26:28.275] [DEBUG] cheese - liujin
[2018-10-03T19:26:28.278] [DEBUG] cheese - null
[2018-10-03T19:26:28.278] [DEBUG] cheese - null
[2018-10-03T19:26:33.183] [DEBUG] cheese - login => username:liujin,password:123123
[2018-10-03T19:26:33.183] [DEBUG] cheese - liujin
[2018-10-03T19:26:33.185] [DEBUG] cheese - null
[2018-10-03T19:26:33.185] [DEBUG] cheese - null
[2018-10-03T19:30:32.226] [DEBUG] cheese - null
[2018-10-03T19:30:32.238] [DEBUG] cheese - null
[2018-10-03T19:30:37.330] [DEBUG] cheese - null
[2018-10-03T19:30:37.343] [DEBUG] cheese - null
[2018-10-03T19:37:20.827] [DEBUG] cheese - null
[2018-10-03T19:37:20.831] [DEBUG] cheese - null
[2018-10-03T19:37:26.363] [DEBUG] cheese - null
[2018-10-03T19:37:26.366] [DEBUG] cheese - null
[2018-10-03T19:37:26.379] [DEBUG] cheese - null
[2018-10-03T19:37:26.386] [DEBUG] cheese - null
[2018-10-03T19:37:30.766] [DEBUG] cheese - null
[2018-10-03T19:37:30.773] [DEBUG] cheese - null
[2018-10-03T19:37:30.797] [DEBUG] cheese - null
[2018-10-03T19:37:30.801] [DEBUG] cheese - null
[2018-10-03T19:39:23.816] [DEBUG] cheese - login => username:admin,password:123456
[2018-10-03T19:39:23.816] [DEBUG] cheese - admin
[2018-10-03T19:39:23.819] [DEBUG] cheese - null
[2018-10-03T19:39:23.819] [DEBUG] cheese - null
[2018-10-04T15:00:24.688] [DEBUG] cheese - login => username:admin,password:123456
[2018-10-04T15:00:24.691] [DEBUG] cheese - admin
[2018-10-04T15:00:24.717] [DEBUG] cheese - null
[2018-10-04T15:00:24.717] [DEBUG] cheese - null
[2018-10-04T16:16:58.691] [DEBUG] cheese - login => username:admin,password:123456
[2018-10-04T16:16:58.693] [DEBUG] cheese - admin
[2018-10-04T16:16:58.708] [DEBUG] cheese - null
[2018-10-04T16:16:58.708] [DEBUG] cheese - null
[2018-10-04T16:20:01.587] [DEBUG] cheese - login => username:admin,password:123456
[2018-10-04T16:20:01.587] [DEBUG] cheese - admin
[2018-10-04T16:20:01.592] [DEBUG] cheese - null
[2018-10-04T16:20:01.592] [DEBUG] cheese - null
[2018-10-05T19:05:47.452] [DEBUG] cheese - login => username:login,password:123456
[2018-10-05T19:05:47.454] [DEBUG] cheese - login
[2018-10-05T19:05:47.468] [DEBUG] cheese - null
[2018-10-05T19:05:47.469] [DEBUG] cheese - null
[2018-10-05T19:05:53.410] [DEBUG] cheese - login => username:admin,password:123456
[2018-10-05T19:05:53.410] [DEBUG] cheese - admin
[2018-10-05T19:05:53.417] [DEBUG] cheese - null
[2018-10-05T19:05:53.417] [DEBUG] cheese - null
[2018-10-05T21:45:56.233] [DEBUG] cheese - login => username:admin,password:123456
[2018-10-05T21:45:56.235] [DEBUG] cheese - admin
[2018-10-05T21:45:56.261] [DEBUG] cheese - null
[2018-10-05T21:45:56.262] [DEBUG] cheese - null
[2018-10-06T19:31:25.635] [DEBUG] cheese - login => username:admin,password:123456
[2018-10-06T19:31:25.636] [DEBUG] cheese - admin
[2018-10-06T19:31:25.647] [DEBUG] cheese - null
[2018-10-06T19:31:25.647] [DEBUG] cheese - null
[2018-10-06T19:48:26.095] [DEBUG] cheese - login => username:admin,password:123456
[2018-10-06T19:48:26.097] [DEBUG] cheese - admin
[2018-10-06T19:48:26.106] [DEBUG] cheese - null
[2018-10-06T19:48:26.106] [DEBUG] cheese - null
[2018-10-07T16:09:42.360] [DEBUG] cheese - null
[2018-10-07T16:12:18.519] [DEBUG] cheese - null
[2018-10-07T16:12:37.540] [DEBUG] cheese - null
[2018-10-07T16:13:25.249] [DEBUG] cheese - null
[2018-10-07T16:14:40.126] [DEBUG] cheese - null
[2018-10-07T16:17:32.497] [DEBUG] cheese - null
[2018-10-07T16:22:03.671] [DEBUG] cheese - null
[2018-10-07T16:22:50.794] [DEBUG] cheese - null
[2018-10-07T16:28:04.906] [DEBUG] cheese - null
[2018-10-07T16:33:41.345] [DEBUG] cheese - null
[2018-10-07T16:37:24.051] [DEBUG] cheese - null
[2018-10-08T10:41:57.730] [DEBUG] cheese - login => username:admin,password:123456
[2018-10-08T10:41:57.731] [DEBUG] cheese - admin
[2018-10-08T10:41:57.749] [DEBUG] cheese - null
[2018-10-08T10:41:57.749] [DEBUG] cheese - null
[2018-10-08T20:17:00.506] [DEBUG] cheese - null
[2018-10-09T09:58:43.630] [DEBUG] cheese - login => username:admin,password:123456
[2018-10-09T09:58:43.632] [DEBUG] cheese - admin
[2018-10-09T09:58:43.652] [DEBUG] cheese - null
[2018-10-09T09:58:43.653] [DEBUG] cheese - null
[2018-10-09T10:15:41.327] [DEBUG] cheese - login => username:admin,password:123456
[2018-10-09T10:15:41.328] [DEBUG] cheese - admin
[2018-10-09T10:15:41.337] [DEBUG] cheese - null
[2018-10-09T10:15:41.337] [DEBUG] cheese - null
[2018-10-10T15:25:58.534] [DEBUG] cheese - login => username:admin,password:123456
[2018-10-10T15:25:58.545] [DEBUG] cheese - admin
[2018-10-10T15:25:58.792] [DEBUG] cheese - null
[2018-10-10T15:25:58.794] [DEBUG] cheese - null
[2018-10-12T14:49:16.554] [DEBUG] cheese - login => username:admin,password:123456
[2018-10-12T14:49:16.566] [DEBUG] cheese - admin
[2018-10-12T14:49:16.812] [DEBUG] cheese - null
[2018-10-12T14:49:16.813] [DEBUG] cheese - null
[2018-10-13T15:11:59.433] [DEBUG] cheese - login => username:admin,password:123456
[2018-10-13T15:11:59.441] [DEBUG] cheese - admin
[2018-10-13T15:11:59.603] [DEBUG] cheese - null
[2018-10-13T15:11:59.604] [DEBUG] cheese - null
[2018-10-13T15:39:57.677] [DEBUG] cheese - login => username:admin,password:123456
[2018-10-13T15:39:57.678] [DEBUG] cheese - admin
[2018-10-13T15:39:57.686] [DEBUG] cheese - null
[2018-10-13T15:39:57.687] [DEBUG] cheese - null
[2018-10-13T15:45:15.835] [DEBUG] cheese - login => username:admin,password:123456
[2018-10-13T15:45:15.836] [DEBUG] cheese - admin
[2018-10-13T15:45:15.840] [DEBUG] cheese - null
[2018-10-13T15:45:15.840] [DEBUG] cheese - null
[2018-10-13T15:55:01.238] [DEBUG] cheese - login => username:admin,password:123456
[2018-10-13T15:55:01.239] [DEBUG] cheese - admin
[2018-10-13T15:55:01.245] [DEBUG] cheese - null
[2018-10-13T15:55:01.245] [DEBUG] cheese - null
[2018-10-13T16:01:30.431] [DEBUG] cheese - login => username:admin,password:123456
[2018-10-13T16:01:30.431] [DEBUG] cheese - admin
[2018-10-13T16:01:30.435] [DEBUG] cheese - null
[2018-10-13T16:01:30.435] [DEBUG] cheese - null
[2018-10-13T16:29:06.583] [DEBUG] cheese - login => username:admin,password:123456
[2018-10-13T16:29:06.583] [DEBUG] cheese - admin
[2018-10-13T16:29:06.595] [DEBUG] cheese - null
[2018-10-13T16:29:06.596] [DEBUG] cheese - null
[2018-10-13T17:08:31.816] [DEBUG] cheese - login => username:admin,password:123456
[2018-10-13T17:08:31.823] [DEBUG] cheese - admin
[2018-10-13T17:08:31.835] [DEBUG] cheese - null
[2018-10-13T17:08:31.835] [DEBUG] cheese - null
[2018-10-13T20:02:28.248] [DEBUG] cheese - login => username:admin,password:123456
[2018-10-13T20:02:28.255] [DEBUG] cheese - admin
[2018-10-13T20:02:28.398] [DEBUG] cheese - null
[2018-10-13T20:02:28.398] [DEBUG] cheese - null
[2018-10-13T20:36:42.462] [DEBUG] cheese - login => username:admin,password:123456
[2018-10-13T20:36:42.468] [DEBUG] cheese - admin
[2018-10-13T20:36:42.564] [DEBUG] cheese - null
[2018-10-13T20:36:42.564] [DEBUG] cheese - null
[2018-10-13T21:31:06.756] [DEBUG] cheese - login => username:admin,password:123456
[2018-10-13T21:31:06.762] [DEBUG] cheese - admin
[2018-10-13T21:31:06.857] [DEBUG] cheese - null
[2018-10-13T21:31:06.857] [DEBUG] cheese - null
[2018-10-13T21:42:57.980] [DEBUG] cheese - login => username:admin,password:123456
[2018-10-13T21:42:57.986] [DEBUG] cheese - admin
[2018-10-13T21:42:58.084] [DEBUG] cheese - null
[2018-10-13T21:42:58.084] [DEBUG] cheese - null
[2018-10-13T22:10:51.301] [DEBUG] cheese - login => username:admin,password:123456
[2018-10-13T22:10:51.313] [DEBUG] cheese - admin
[2018-10-13T22:10:51.384] [DEBUG] cheese - null
[2018-10-13T22:10:51.384] [DEBUG] cheese - null
[2018-10-13T22:19:08.923] [DEBUG] cheese - login => username:admin,password:123456
[2018-10-13T22:19:08.924] [DEBUG] cheese - admin
[2018-10-13T22:19:08.928] [DEBUG] cheese - null
[2018-10-13T22:19:08.928] [DEBUG] cheese - null
[2018-10-14T12:34:39.372] [DEBUG] cheese - login => username:admin,password:123456
[2018-10-14T12:34:39.379] [DEBUG] cheese - admin
[2018-10-14T12:34:39.448] [DEBUG] cheese - null
[2018-10-14T12:34:39.448] [DEBUG] cheese - null
[2018-10-14T15:27:56.857] [DEBUG] cheese - login => username:admin,password:123456
[2018-10-14T15:27:56.860] [DEBUG] cheese - admin
[2018-10-14T15:27:56.872] [DEBUG] cheese - null
[2018-10-14T15:27:56.872] [DEBUG] cheese - null
[2018-10-19T13:45:02.281] [DEBUG] cheese - login => username:admin,password:123456
[2018-10-19T13:45:02.284] [DEBUG] cheese - admin
[2018-10-19T13:45:02.344] [DEBUG] cheese - null
[2018-10-19T13:45:02.345] [DEBUG] cheese - null
[2018-10-19T13:51:10.286] [DEBUG] cheese - login => username:admin,password:123456
[2018-10-19T13:51:10.286] [DEBUG] cheese - admin
[2018-10-19T13:51:10.289] [DEBUG] cheese - null
[2018-10-19T13:51:10.289] [DEBUG] cheese - null
[2018-10-19T13:53:29.984] [DEBUG] cheese - login => username:admin,password:123456
[2018-10-19T13:53:29.984] [DEBUG] cheese - admin
[2018-10-19T13:53:29.987] [DEBUG] cheese - null
[2018-10-19T13:53:29.987] [DEBUG] cheese - null
[2018-10-19T14:04:47.039] [DEBUG] cheese - login => username:admin,password:123456
[2018-10-19T14:04:47.039] [DEBUG] cheese - admin
[2018-10-19T14:04:47.042] [DEBUG] cheese - null
[2018-10-19T14:04:47.043] [DEBUG] cheese - null
